Build started 12/13/2017 3:56:14 PM.
     1>Project "S:\Computer Programing\School\Direct X\Direct X\newell_Final\newell_Final\finals.vcxproj" on node 2 (build target(s)).
     1>InitializeBuildStatus:
         Creating "Debug\finals.unsuccessfulbuild" because "AlwaysCreate" was specified.
       ClCompile:
         C:\Program Files (x86)\Microsoft Visual Studio 10.0\VC\bin\CL.exe /c /I"C:\Program Files (x86)\Microsoft DirectX SDK (June 2010)\Include" /ZI /nologo /W3 /WX- /Od /Oy- /D _MBCS /Gm /EHsc /RTC1 /MDd /GS /fp:precise /Zc:wchar_t /Zc:forScope /Fo"Debug\\" /Fd"Debug\vc100.pdb" /Gd /TP /analyze- /errorReport:prompt base.cpp main.cpp
         main.cpp
         base.cpp
         Generating Code...
       ResourceCompile:
         C:\Program Files (x86)\Microsoft SDKs\Windows\v7.0A\bin\rc.exe /l"0x0409" /nologo /fo"Debug\resources.res" resources.rc 
       Link:
         C:\Program Files (x86)\Microsoft Visual Studio 10.0\VC\bin\link.exe /ERRORREPORT:PROMPT /OUT:"S:\Computer Programing\School\Direct X\Direct X\newell_Final\newell_Final\Debug\finals.exe" /NOLOGO /LIBPATH:"C:\Program Files (x86)\Microsoft DirectX SDK (June 2010)\Lib\x86" d3d9.lib d3dx9.lib winmm.lib kernel32.lib user32.lib gdi32.lib winspool.lib comdlg32.lib advapi32.lib shell32.lib ole32.lib oleaut32.lib uuid.lib odbc32.lib odbccp32.lib /MANIFEST /ManifestFile:"Debug\finals.exe.intermediate.manifest" /MANIFESTUAC:"level='asInvoker' uiAccess='false'" /DEBUG /PDB:"S:\Computer Programing\School\Direct X\Direct X\newell_Final\newell_Final\Debug\finals.pdb" /TLBID:1 /DYNAMICBASE /NXCOMPAT /IMPLIB:"S:\Computer Programing\School\Direct X\Direct X\newell_Final\newell_Final\Debug\finals.lib" /MACHINE:X86 Debug\resources.res
         Debug\base.obj
         Debug\main.obj
         finals.vcxproj -> S:\Computer Programing\School\Direct X\Direct X\newell_Final\newell_Final\Debug\finals.exe
       Manifest:
         C:\Program Files (x86)\Microsoft SDKs\Windows\v7.0A\bin\mt.exe /nologo /verbose /outputresource:"S:\Computer Programing\School\Direct X\Direct X\newell_Final\newell_Final\Debug\finals.exe;#1" /manifest Debug\finals.exe.intermediate.manifest
       FinalizeBuildStatus:
         Deleting file "Debug\finals.unsuccessfulbuild".
         Touching "Debug\finals.lastbuildstate".
     1>Done Building Project "S:\Computer Programing\School\Direct X\Direct X\newell_Final\newell_Final\finals.vcxproj" (build target(s)).

Build succeeded.

Time Elapsed 00:00:02.09
