C:\USERS\GLEN\DESKTOP\FINAL\RELEASE\ASTEROID.OBJ
C:\USERS\GLEN\DESKTOP\FINAL\RELEASE\BASE.OBJ
C:\Users\Glen\Desktop\Final\Release\cl.command.1.tlog
C:\Users\Glen\Desktop\Final\Release\CL.read.1.tlog
C:\Users\Glen\Desktop\Final\Release\CL.write.1.tlog
C:\USERS\GLEN\DESKTOP\FINAL\RELEASE\CONTROLS.OBJ
C:\Users\Glen\Desktop\Final\Release\link.command.1.tlog
C:\Users\Glen\Desktop\Final\Release\link.read.1.tlog
C:\Users\Glen\Desktop\Final\Release\link.write.1.tlog
C:\USERS\GLEN\DESKTOP\FINAL\RELEASE\MAIN.OBJ
C:\Users\Glen\Desktop\Final\Release\mt.command.1.tlog
C:\Users\Glen\Desktop\Final\Release\mt.read.1.tlog
C:\Users\Glen\Desktop\Final\Release\mt.write.1.tlog
C:\USERS\GLEN\DESKTOP\FINAL\RELEASE\NEWELL_FINAL.EXE
C:\USERS\GLEN\DESKTOP\FINAL\RELEASE\NEWELL_FINAL.EXE.INTERMEDIATE.MANIFEST
C:\USERS\GLEN\DESKTOP\FINAL\RELEASE\NEWELL_FINAL.PDB
C:\USERS\GLEN\DESKTOP\FINAL\RELEASE\SHIP.OBJ
C:\USERS\GLEN\DESKTOP\FINAL\RELEASE\TEXT.OBJ
C:\USERS\GLEN\DESKTOP\FINAL\RELEASE\VC100.PDB
C:\USERS\GLEN\DESKTOP\FINAL\RELEASE\XACT SOUND.OBJ
