Build started 4/26/2012 8:48:12 AM.
     1>Project "H:\2nd semster\Final\newell_Final.vcxproj" on node 2 (build target(s)).
     1>InitializeBuildStatus:
         Creating "Release\newell_Final.unsuccessfulbuild" because "AlwaysCreate" was specified.
       ClCompile:
         c:\Program Files (x86)\Microsoft Visual Studio 10.0\VC\bin\CL.exe /c /Zi /nologo /W3 /WX- /O2 /Oi /Oy- /GL /D _MBCS /Gm- /EHsc /MD /GS /Gy /fp:precise /Zc:wchar_t /Zc:forScope /Fo"Release\\" /Fd"Release\vc100.pdb" /Gd /TP /analyze- /errorReport:prompt ship.cpp
         ship.cpp
       Link:
         c:\Program Files (x86)\Microsoft Visual Studio 10.0\VC\bin\link.exe /ERRORREPORT:PROMPT /OUT:"H:\2nd semster\Final\Release\newell_Final.exe" /NOLOGO winmm.lib d3dx9.lib d3d9.lib dinput8.lib dxguid.lib kernel32.lib user32.lib gdi32.lib winspool.lib comdlg32.lib advapi32.lib shell32.lib ole32.lib oleaut32.lib uuid.lib odbc32.lib odbccp32.lib /MANIFEST /ManifestFile:"Release\newell_Final.exe.intermediate.manifest" /MANIFESTUAC:"level='asInvoker' uiAccess='false'" /DEBUG /PDB:"H:\2nd semster\Final\Release\newell_Final.pdb" /OPT:REF /OPT:ICF /LTCG /TLBID:1 /DYNAMICBASE /NXCOMPAT /IMPLIB:"H:\2nd semster\Final\Release\newell_Final.lib" /MACHINE:X86 Release\asteroid.obj
         Release\base.obj
         Release\controls.obj
         Release\main.obj
         Release\ship.obj
         Release\text.obj
         "Release\XACT Sound.obj"
         Generating code
         Finished generating code
         newell_Final.vcxproj -> H:\2nd semster\Final\Release\newell_Final.exe
       Manifest:
         c:\Program Files (x86)\Microsoft SDKs\Windows\v7.0A\bin\mt.exe /nologo /verbose /outputresource:"H:\2nd semster\Final\Release\newell_Final.exe;#1" /manifest Release\newell_Final.exe.intermediate.manifest
       FinalizeBuildStatus:
         Deleting file "Release\newell_Final.unsuccessfulbuild".
         Touching "Release\newell_Final.lastbuildstate".
     1>Done Building Project "H:\2nd semster\Final\newell_Final.vcxproj" (build target(s)).

Build succeeded.

Time Elapsed 00:00:03.34
