Build started 4/26/2012 10:18:29 AM.
     1>Project "F:\Final\newell_Final.vcxproj" on node 2 (build target(s)).
     1>InitializeBuildStatus:
         Creating "Debug\newell_Final.unsuccessfulbuild" because "AlwaysCreate" was specified.
       ClCompile:
         c:\Program Files (x86)\Microsoft Visual Studio 10.0\VC\bin\CL.exe /c /ZI /nologo /W3 /WX- /Od /Oy- /D _MBCS /Gm /EHsc /RTC1 /MDd /GS /fp:precise /Zc:wchar_t /Zc:forScope /Fo"Debug\\" /Fd"Debug\vc100.pdb" /Gd /TP /analyze- /errorReport:prompt main.cpp
         main.cpp
         c:\program files (x86)\microsoft directx sdk (june 2010)\include\dinput.h: DIRECTINPUT_VERSION undefined. Defaulting to version 0x0800
       Link:
         c:\Program Files (x86)\Microsoft Visual Studio 10.0\VC\bin\link.exe /ERRORREPORT:PROMPT /OUT:"F:\Final\Debug\newell_Final.exe" /NOLOGO d3d9.lib d3dx9.lib winmm.lib dinput8.lib dxguid.lib d3d9.lib d3dx9.lib winmm.lib dinput8.lib dsound.lib dxguid.lib kernel32.lib user32.lib gdi32.lib winspool.lib comdlg32.lib advapi32.lib shell32.lib ole32.lib oleaut32.lib uuid.lib odbc32.lib odbccp32.lib /MANIFEST /ManifestFile:"Debug\newell_Final.exe.intermediate.manifest" /MANIFESTUAC:"level='asInvoker' uiAccess='false'" /DEBUG /PDB:"F:\Final\Debug\newell_Final.pdb" /TLBID:1 /DYNAMICBASE /NXCOMPAT /IMPLIB:"F:\Final\Debug\newell_Final.lib" /MACHINE:X86 Debug\asteroid.obj
         Debug\base.obj
         Debug\controls.obj
         Debug\main.obj
         Debug\ship.obj
         Debug\text.obj
         "Debug\XACT Sound.obj"
         LINK : F:\Final\Debug\newell_Final.exe not found or not built by the last incremental link; performing full link
         newell_Final.vcxproj -> F:\Final\Debug\newell_Final.exe
       Manifest:
         c:\Program Files (x86)\Microsoft SDKs\Windows\v7.0A\bin\mt.exe /nologo /verbose /outputresource:"F:\Final\Debug\newell_Final.exe;#1" /manifest Debug\newell_Final.exe.intermediate.manifest
       FinalizeBuildStatus:
         Deleting file "Debug\newell_Final.unsuccessfulbuild".
         Touching "Debug\newell_Final.lastbuildstate".
     1>Done Building Project "F:\Final\newell_Final.vcxproj" (build target(s)).

Build succeeded.

Time Elapsed 00:00:08.62
