Build started 12/13/2017 3:57:26 PM.
     1>Project "S:\Computer Programing\School\Direct X\Direct X\Project 01\G2StarterProgram.vcxproj" on node 2 (build target(s)).
     1>InitializeBuildStatus:
         Creating "Debug\G2StarterProgram.unsuccessfulbuild" because "AlwaysCreate" was specified.
       ClCompile:
         C:\Program Files (x86)\Microsoft Visual Studio 10.0\VC\bin\CL.exe /c /ZI /nologo /W3 /WX- /Od /Oy- /D _MBCS /Gm /EHsc /RTC1 /MDd /GS /fp:precise /Zc:wchar_t /Zc:forScope /Fo"Debug\\" /Fd"Debug\vc100.pdb" /Gd /TP /analyze- /errorReport:prompt base.cpp main.cpp
         main.cpp
     1>s:\computer programing\school\direct x\direct x\project 01\main.cpp(87): warning C4101: 'v3' : unreferenced local variable
     1>s:\computer programing\school\direct x\direct x\project 01\main.cpp(105): warning C4101: 'v4' : unreferenced local variable
     1>s:\computer programing\school\direct x\direct x\project 01\main.cpp(70): warning C4101: 'v2' : unreferenced local variable
     1>s:\computer programing\school\direct x\direct x\project 01\main.cpp(179): warning C4244: 'argument' : conversion from 'int' to 'FLOAT', possible loss of data
     1>s:\computer programing\school\direct x\direct x\project 01\main.cpp(179): warning C4244: 'argument' : conversion from 'int' to 'FLOAT', possible loss of data
     1>s:\computer programing\school\direct x\direct x\project 01\main.cpp(254): warning C4244: '+=' : conversion from 'double' to 'int', possible loss of data
     1>s:\computer programing\school\direct x\direct x\project 01\main.cpp(255): warning C4244: '+=' : conversion from 'double' to 'int', possible loss of data
         base.cpp
         Generating Code...
       Link:
         C:\Program Files (x86)\Microsoft Visual Studio 10.0\VC\bin\link.exe /ERRORREPORT:PROMPT /OUT:"S:\Computer Programing\School\Direct X\Direct X\Project 01\Debug\G2StarterProgram.exe" /NOLOGO d3d9.lib d3dx9.lib winmm.lib kernel32.lib user32.lib gdi32.lib winspool.lib comdlg32.lib advapi32.lib shell32.lib ole32.lib oleaut32.lib uuid.lib odbc32.lib odbccp32.lib /MANIFEST /ManifestFile:"Debug\G2StarterProgram.exe.intermediate.manifest" /MANIFESTUAC:"level='asInvoker' uiAccess='false'" /DEBUG /PDB:"S:\Computer Programing\School\Direct X\Direct X\Project 01\Debug\G2StarterProgram.pdb" /TLBID:1 /DYNAMICBASE /NXCOMPAT /IMPLIB:"S:\Computer Programing\School\Direct X\Direct X\Project 01\Debug\G2StarterProgram.lib" /MACHINE:X86 Debug\base.obj
         Debug\main.obj
         G2StarterProgram.vcxproj -> S:\Computer Programing\School\Direct X\Direct X\Project 01\Debug\G2StarterProgram.exe
       Manifest:
         C:\Program Files (x86)\Microsoft SDKs\Windows\v7.0A\bin\mt.exe /nologo /verbose /outputresource:"S:\Computer Programing\School\Direct X\Direct X\Project 01\Debug\G2StarterProgram.exe;#1" /manifest Debug\G2StarterProgram.exe.intermediate.manifest
       FinalizeBuildStatus:
         Deleting file "Debug\G2StarterProgram.unsuccessfulbuild".
         Touching "Debug\G2StarterProgram.lastbuildstate".
     1>Done Building Project "S:\Computer Programing\School\Direct X\Direct X\Project 01\G2StarterProgram.vcxproj" (build target(s)).

Build succeeded.

Time Elapsed 00:00:01.85
