Build started 12/13/2017 2:26:26 PM.
     1>Project "S:\Documents\Glens Gateway\School\csi\CSI II\for\for.vcxproj" on node 2 (build target(s)).
     1>InitializeBuildStatus:
         Creating ".\Debug\for.unsuccessfulbuild" because "AlwaysCreate" was specified.
       ClCompile:
         C:\Program Files (x86)\Microsoft Visual Studio 10.0\VC\bin\CL.exe /c /ZI /nologo /W3 /WX- /Od /Oy- /D WIN32 /D _DEBUG /D _CONSOLE /D _VC80_UPGRADE=0x0600 /D _MBCS /Gm /EHsc /RTC1 /MTd /GS /Gy- /fp:precise /Zc:wchar_t /Zc:forScope /Fo".\Debug\\" /Fd".\Debug\vc100.pdb" /Gd /TP /analyze- /errorReport:prompt for.cpp
         for.cpp
       ManifestResourceCompile:
         All outputs are up-to-date.
       Link:
         C:\Program Files (x86)\Microsoft Visual Studio 10.0\VC\bin\link.exe /ERRORREPORT:PROMPT /OUT:".\Debug\for.exe" /INCREMENTAL /NOLOGO odbc32.lib odbccp32.lib kernel32.lib user32.lib gdi32.lib winspool.lib comdlg32.lib advapi32.lib shell32.lib ole32.lib oleaut32.lib uuid.lib odbc32.lib odbccp32.lib /MANIFEST /ManifestFile:".\Debug\for.exe.intermediate.manifest" /MANIFESTUAC:"level='asInvoker' uiAccess='false'" /DEBUG /PDB:"S:\Documents\Glens Gateway\School\csi\CSI II\for\Debug\for.pdb" /SUBSYSTEM:CONSOLE /TLBID:1 /DYNAMICBASE /NXCOMPAT /IMPLIB:".\Debug\for.lib" /MACHINE:X86 .\Debug\for.exe.embed.manifest.res
         .\Debug\for.obj
       Manifest:
         C:\Program Files (x86)\Microsoft SDKs\Windows\v7.0A\bin\mt.exe /nologo /verbose /out:".\Debug\for.exe.embed.manifest" /manifest .\Debug\for.exe.intermediate.manifest
         All outputs are up-to-date.
       LinkEmbedManifest:
         All outputs are up-to-date.
         for.vcxproj -> S:\Documents\Glens Gateway\School\csi\CSI II\for\.\Debug\for.exe
       FinalizeBuildStatus:
         Deleting file ".\Debug\for.unsuccessfulbuild".
         Touching ".\Debug\for.lastbuildstate".
     1>Done Building Project "S:\Documents\Glens Gateway\School\csi\CSI II\for\for.vcxproj" (build target(s)).

Build succeeded.

Time Elapsed 00:00:00.95
