Build started 5/3/2016 10:32:16 PM.
     1>Project "H:\Computer Programing\School\Direct X\Direct X\newell_P08\newell_P08\newell_P08\newell_P08.vcxproj" on node 2 (build target(s)).
     1>InitializeBuildStatus:
         Touching "Debug\newell_P08.unsuccessfulbuild".
       ClCompile:
         All outputs are up-to-date.
       Link:
         C:\Program Files (x86)\Microsoft Visual Studio 10.0\VC\bin\link.exe /ERRORREPORT:PROMPT /OUT:"H:\Computer Programing\School\Direct X\Direct X\newell_P08\newell_P08\newell_P08\Debug\newell_P08.exe" /NOLOGO kernel32.lib user32.lib gdi32.lib winspool.lib comdlg32.lib advapi32.lib shell32.lib ole32.lib oleaut32.lib uuid.lib odbc32.lib odbccp32.lib /MANIFEST /ManifestFile:"Debug\newell_P08.exe.intermediate.manifest" /MANIFESTUAC:"level='asInvoker' uiAccess='false'" /DEBUG /PDB:"H:\Computer Programing\School\Direct X\Direct X\newell_P08\newell_P08\newell_P08\Debug\newell_P08.pdb" /TLBID:1 /DYNAMICBASE /NXCOMPAT /IMPLIB:"H:\Computer Programing\School\Direct X\Direct X\newell_P08\newell_P08\newell_P08\Debug\newell_P08.lib" /MACHINE:X86 Debug\base.obj
         Debug\main.obj
     1>base.obj : error LNK2019: unresolved external symbol _Direct3DCreate9@4 referenced in function "bool __cdecl d3d::InitD3D(struct HINSTANCE__ *,int,int,bool,enum _D3DDEVTYPE,struct IDirect3DDevice9 * *)" (?InitD3D@d3d@@YA_NPAUHINSTANCE__@@HH_NW4_D3DDEVTYPE@@PAPAUIDirect3DDevice9@@@Z)
     1>base.obj : error LNK2019: unresolved external symbol __imp__timeGetTime@0 referenced in function "int __cdecl d3d::EnterMsgLoop(bool (__cdecl*)(float))" (?EnterMsgLoop@d3d@@YAHP6A_NM@Z@Z)
     1>main.obj : error LNK2019: unresolved external symbol _D3DXCreateTextA@32 referenced in function "bool __cdecl Setup(void)" (?Setup@@YA_NXZ)
     1>main.obj : error LNK2019: unresolved external symbol _D3DXMatrixRotationZ@8 referenced in function "void __cdecl rotateObject(float)" (?rotateObject@@YAXM@Z)
     1>main.obj : error LNK2019: unresolved external symbol _D3DXMatrixRotationY@8 referenced in function "void __cdecl rotateObject(float)" (?rotateObject@@YAXM@Z)
     1>main.obj : error LNK2019: unresolved external symbol _D3DXMatrixRotationX@8 referenced in function "void __cdecl rotateObject(float)" (?rotateObject@@YAXM@Z)
     1>main.obj : error LNK2019: unresolved external symbol _D3DXMatrixMultiply@12 referenced in function "public: struct D3DXMATRIX __thiscall D3DXMATRIX::operator*(struct D3DXMATRIX const &)const " (??DD3DXMATRIX@@QBE?AU0@ABU0@@Z)
     1>main.obj : error LNK2019: unresolved external symbol _D3DXMatrixPerspectiveFovLH@20 referenced in function "void __cdecl render(float)" (?render@@YAXM@Z)
     1>main.obj : error LNK2019: unresolved external symbol _D3DXMatrixLookAtLH@16 referenced in function "void __cdecl render(float)" (?render@@YAXM@Z)
     1>H:\Computer Programing\School\Direct X\Direct X\newell_P08\newell_P08\newell_P08\Debug\newell_P08.exe : fatal error LNK1120: 9 unresolved externals
     1>Done Building Project "H:\Computer Programing\School\Direct X\Direct X\newell_P08\newell_P08\newell_P08\newell_P08.vcxproj" (build target(s)) -- FAILED.

Build FAILED.

Time Elapsed 00:00:00.10
